<?xml version="1.0" encoding="UTF-8"?>
<testsuite xmlns:xsi="http://www.w3.org/2001/XMLSchema-instance" xsi:noNamespaceSchemaLocation="https://maven.apache.org/surefire/maven-surefire-plugin/xsd/surefire-test-report.xsd" name="com.Lodade.app.TestCalculatorClass" time="0.023" tests="4" errors="0" skipped="0" failures="0">
  <properties>
[...]
</properties>
  <testcase name="testAdd" classname="com.Lodade.app.TestCalculatorClass" time="0.017"/>
  <testcase name="testTurnAbsolute" classname="com.Lodade.app.TestCalculatorClass" time="0"/>
  <testcase name="testIsMultiple" classname="com.Lodade.app.TestCalculatorClass" time="0.001"/>
  <testcase name="testMultiply" classname="com.Lodade.app.TestCalculatorClass" time="0.001"/>
</testsuite>